{"environment":"development","level":"info","message":"CORS: Using origins from environment","nodeEnv":"development","origins":["http://localhost:3000","https://your-production-url.com"],"timestamp":"2025-08-10T12:51:51.954Z"}
{"environment":"development","level":"info","message":"Starting e-commerce server...","nodeEnv":"development","port":"5000","timestamp":"2025-08-10T12:51:52.530Z"}
{"attempt":1,"category":"database","level":"info","message":"Database: Attempting MongoDB connection","nodeEnv":"development","timestamp":"2025-08-10T12:51:52.533Z","uri":"mongodb+srv://***:***@cluster0.okaxqe0.mongodb.net/?retryWrites=true&w=majority&appName=Cluster0"}
{"attempt":1,"category":"database","database":"test","host":"ac-ncx6bix-shard-00-02.okaxqe0.mongodb.net","level":"info","message":"Database: MongoDB connected successfully","nodeEnv":"development","timestamp":"2025-08-10T12:51:53.126Z"}
{"environment":"development","level":"info","message":"🚀 Server running in development mode on port 5000","nodeEnv":"development","port":"5000","timestamp":"2025-08-10T12:51:53.141Z"}
{"level":"warn","message":"Mongoose disconnected from MongoDB","nodeEnv":"development","timestamp":"2025-08-10T13:52:06.599Z"}
{"category":"database","level":"info","message":"Database: Mongoose connected to MongoDB","nodeEnv":"development","timestamp":"2025-08-10T13:52:06.764Z"}
{"environment":"development","level":"info","message":"CORS: Using origins from environment","nodeEnv":"development","origins":["http://localhost:3000","https://your-production-url.com"],"timestamp":"2025-08-10T14:10:27.681Z"}
{"environment":"development","level":"info","message":"CORS: Using origins from environment","nodeEnv":"development","origins":["http://localhost:3000","https://your-production-url.com"],"timestamp":"2025-08-10T14:11:18.857Z"}
{"environment":"development","level":"info","message":"CORS: Using origins from environment","nodeEnv":"development","origins":["http://localhost:3000","https://your-production-url.com"],"timestamp":"2025-08-10T14:11:26.902Z"}
{"environment":"development","level":"info","message":"CORS: Using origins from environment","nodeEnv":"development","origins":["http://localhost:3000","https://your-production-url.com"],"timestamp":"2025-08-10T14:11:36.107Z"}
{"environment":"development","level":"info","message":"CORS: Using origins from environment","nodeEnv":"development","origins":["http://localhost:3000","https://your-production-url.com"],"timestamp":"2025-08-10T14:11:46.791Z"}
{"environment":"development","level":"info","message":"CORS: Using origins from environment","nodeEnv":"development","origins":["http://localhost:3000","https://your-production-url.com"],"timestamp":"2025-08-10T14:11:51.399Z"}
{"environment":"development","level":"info","message":"CORS: Using origins from environment","nodeEnv":"development","origins":["http://localhost:3000","https://your-production-url.com"],"timestamp":"2025-08-10T14:19:20.799Z"}
{"environment":"development","level":"info","message":"CORS: Using origins from environment","nodeEnv":"development","origins":["http://localhost:3000","https://your-production-url.com"],"timestamp":"2025-08-10T14:19:59.611Z"}
{"environment":"development","level":"info","message":"CORS: Using origins from environment","nodeEnv":"development","origins":["http://localhost:3000","https://your-production-url.com"],"timestamp":"2025-08-10T14:20:14.111Z"}
{"environment":"development","level":"info","message":"CORS: Using origins from environment","nodeEnv":"development","origins":["http://localhost:3000","https://your-production-url.com"],"timestamp":"2025-08-10T14:21:07.710Z"}
{"environment":"development","level":"info","message":"CORS: Using origins from environment","nodeEnv":"development","origins":["http://localhost:3000","https://your-production-url.com"],"timestamp":"2025-08-10T14:22:32.871Z"}
{"environment":"development","level":"info","message":"CORS: Using origins from environment","nodeEnv":"development","origins":["http://localhost:3000","https://your-production-url.com"],"timestamp":"2025-08-10T14:22:40.686Z"}
{"environment":"development","level":"info","message":"CORS: Using origins from environment","nodeEnv":"development","origins":["http://localhost:3000","https://your-production-url.com"],"timestamp":"2025-08-10T14:23:17.793Z"}
{"environment":"development","level":"info","message":"CORS: Using origins from environment","nodeEnv":"development","origins":["http://localhost:3000","https://your-production-url.com"],"timestamp":"2025-08-10T14:25:06.216Z"}
{"environment":"development","level":"info","message":"CORS: Using origins from environment","nodeEnv":"development","origins":["http://localhost:3000","https://your-production-url.com"],"timestamp":"2025-08-10T14:26:07.666Z"}
{"environment":"development","level":"info","message":"Starting e-commerce server...","nodeEnv":"development","port":"5000","timestamp":"2025-08-10T14:26:08.635Z"}
{"attempt":1,"category":"database","level":"info","message":"Database: Attempting MongoDB connection","nodeEnv":"development","timestamp":"2025-08-10T14:26:08.636Z","uri":"mongodb+srv://***:***@cluster0.okaxqe0.mongodb.net/?retryWrites=true&w=majority&appName=Cluster0"}
{"attempt":1,"category":"database","database":"test","host":"ac-ncx6bix-shard-00-01.okaxqe0.mongodb.net","level":"info","message":"Database: MongoDB connected successfully","nodeEnv":"development","timestamp":"2025-08-10T14:26:11.078Z"}
{"environment":"development","level":"info","message":"🚀 Server running in development mode on port 5000","nodeEnv":"development","port":"5000","timestamp":"2025-08-10T14:26:11.082Z"}
{"environment":"development","level":"info","message":"CORS: Using origins from environment","nodeEnv":"development","origins":["http://localhost:3000","https://your-production-url.com"],"timestamp":"2025-08-10T14:26:23.911Z"}
{"environment":"development","level":"info","message":"Starting e-commerce server...","nodeEnv":"development","port":"5000","timestamp":"2025-08-10T14:26:24.881Z"}
{"attempt":1,"category":"database","level":"info","message":"Database: Attempting MongoDB connection","nodeEnv":"development","timestamp":"2025-08-10T14:26:24.883Z","uri":"mongodb+srv://***:***@cluster0.okaxqe0.mongodb.net/?retryWrites=true&w=majority&appName=Cluster0"}
{"attempt":1,"category":"database","database":"test","host":"ac-ncx6bix-shard-00-02.okaxqe0.mongodb.net","level":"info","message":"Database: MongoDB connected successfully","nodeEnv":"development","timestamp":"2025-08-10T14:26:27.317Z"}
{"environment":"development","level":"info","message":"🚀 Server running in development mode on port 5000","nodeEnv":"development","port":"5000","timestamp":"2025-08-10T14:26:27.321Z"}
{"environment":"development","level":"info","message":"CORS: Using origins from environment","nodeEnv":"development","origins":["http://localhost:3000","https://your-production-url.com"],"timestamp":"2025-08-10T14:27:34.186Z"}
{"environment":"development","level":"info","message":"Starting e-commerce server...","nodeEnv":"development","port":"5000","timestamp":"2025-08-10T14:27:35.072Z"}
{"attempt":1,"category":"database","level":"info","message":"Database: Attempting MongoDB connection","nodeEnv":"development","timestamp":"2025-08-10T14:27:35.074Z","uri":"mongodb+srv://***:***@cluster0.okaxqe0.mongodb.net/?retryWrites=true&w=majority&appName=Cluster0"}
{"attempt":1,"category":"database","database":"test","host":"ac-ncx6bix-shard-00-01.okaxqe0.mongodb.net","level":"info","message":"Database: MongoDB connected successfully","nodeEnv":"development","timestamp":"2025-08-10T14:27:37.592Z"}
{"environment":"development","level":"info","message":"🚀 Server running in development mode on port 5000","nodeEnv":"development","port":"5000","timestamp":"2025-08-10T14:27:37.596Z"}
{"environment":"development","level":"info","message":"CORS: Using origins from environment","nodeEnv":"development","origins":["http://localhost:3000","https://your-production-url.com"],"timestamp":"2025-08-10T14:28:16.691Z"}
{"environment":"development","level":"info","message":"Starting e-commerce server...","nodeEnv":"development","port":"5000","timestamp":"2025-08-10T14:28:17.617Z"}
{"attempt":1,"category":"database","level":"info","message":"Database: Attempting MongoDB connection","nodeEnv":"development","timestamp":"2025-08-10T14:28:17.619Z","uri":"mongodb+srv://***:***@cluster0.okaxqe0.mongodb.net/?retryWrites=true&w=majority&appName=Cluster0"}
{"attempt":1,"category":"database","database":"test","host":"ac-ncx6bix-shard-00-01.okaxqe0.mongodb.net","level":"info","message":"Database: MongoDB connected successfully","nodeEnv":"development","timestamp":"2025-08-10T14:28:20.040Z"}
{"environment":"development","level":"info","message":"🚀 Server running in development mode on port 5000","nodeEnv":"development","port":"5000","timestamp":"2025-08-10T14:28:20.044Z"}
{"environment":"development","level":"info","message":"CORS: Using origins from environment","nodeEnv":"development","origins":["http://localhost:3000","https://your-production-url.com"],"timestamp":"2025-08-10T14:28:35.682Z"}
{"environment":"development","level":"info","message":"Starting e-commerce server...","nodeEnv":"development","port":"5000","timestamp":"2025-08-10T14:28:36.510Z"}
{"attempt":1,"category":"database","level":"info","message":"Database: Attempting MongoDB connection","nodeEnv":"development","timestamp":"2025-08-10T14:28:36.513Z","uri":"mongodb+srv://***:***@cluster0.okaxqe0.mongodb.net/?retryWrites=true&w=majority&appName=Cluster0"}
{"attempt":1,"category":"database","database":"test","host":"ac-ncx6bix-shard-00-01.okaxqe0.mongodb.net","level":"info","message":"Database: MongoDB connected successfully","nodeEnv":"development","timestamp":"2025-08-10T14:28:38.936Z"}
{"environment":"development","level":"info","message":"🚀 Server running in development mode on port 5000","nodeEnv":"development","port":"5000","timestamp":"2025-08-10T14:28:38.944Z"}
{"environment":"development","level":"info","message":"CORS: Using origins from environment","nodeEnv":"development","origins":["http://localhost:3000","https://your-production-url.com"],"timestamp":"2025-08-10T14:42:00.649Z"}
{"environment":"development","level":"info","message":"Starting e-commerce server...","nodeEnv":"development","port":"5000","timestamp":"2025-08-10T14:42:01.445Z"}
{"attempt":1,"category":"database","level":"info","message":"Database: Attempting MongoDB connection","nodeEnv":"development","timestamp":"2025-08-10T14:42:01.446Z","uri":"mongodb+srv://***:***@cluster0.okaxqe0.mongodb.net/?retryWrites=true&w=majority&appName=Cluster0"}
{"attempt":1,"category":"database","database":"test","host":"ac-ncx6bix-shard-00-01.okaxqe0.mongodb.net","level":"info","message":"Database: MongoDB connected successfully","nodeEnv":"development","timestamp":"2025-08-10T14:42:03.938Z"}
{"environment":"development","level":"info","message":"🚀 Server running in development mode on port 5000","nodeEnv":"development","port":"5000","timestamp":"2025-08-10T14:42:03.942Z"}
{"environment":"development","level":"info","message":"CORS: Using origins from environment","nodeEnv":"development","origins":["http://localhost:3000","https://your-production-url.com"],"timestamp":"2025-08-10T14:42:41.589Z"}
{"environment":"development","level":"info","message":"Starting e-commerce server...","nodeEnv":"development","port":"5000","timestamp":"2025-08-10T14:42:42.437Z"}
{"attempt":1,"category":"database","level":"info","message":"Database: Attempting MongoDB connection","nodeEnv":"development","timestamp":"2025-08-10T14:42:42.439Z","uri":"mongodb+srv://***:***@cluster0.okaxqe0.mongodb.net/?retryWrites=true&w=majority&appName=Cluster0"}
{"attempt":1,"category":"database","database":"test","host":"ac-ncx6bix-shard-00-02.okaxqe0.mongodb.net","level":"info","message":"Database: MongoDB connected successfully","nodeEnv":"development","timestamp":"2025-08-10T14:42:44.897Z"}
{"environment":"development","level":"info","message":"🚀 Server running in development mode on port 5000","nodeEnv":"development","port":"5000","timestamp":"2025-08-10T14:42:44.901Z"}
{"environment":"development","level":"info","message":"CORS: Using origins from environment","nodeEnv":"development","origins":["http://localhost:3000","https://your-production-url.com"],"timestamp":"2025-08-10T14:42:58.662Z"}
{"environment":"development","level":"info","message":"Starting e-commerce server...","nodeEnv":"development","port":"5000","timestamp":"2025-08-10T14:42:59.508Z"}
{"attempt":1,"category":"database","level":"info","message":"Database: Attempting MongoDB connection","nodeEnv":"development","timestamp":"2025-08-10T14:42:59.512Z","uri":"mongodb+srv://***:***@cluster0.okaxqe0.mongodb.net/?retryWrites=true&w=majority&appName=Cluster0"}
{"attempt":1,"category":"database","database":"test","host":"ac-ncx6bix-shard-00-01.okaxqe0.mongodb.net","level":"info","message":"Database: MongoDB connected successfully","nodeEnv":"development","timestamp":"2025-08-10T14:42:59.910Z"}
{"environment":"development","level":"info","message":"🚀 Server running in development mode on port 5000","nodeEnv":"development","port":"5000","timestamp":"2025-08-10T14:42:59.916Z"}
{"environment":"development","level":"info","message":"CORS: Using origins from environment","nodeEnv":"development","origins":["http://localhost:3000","https://your-production-url.com"],"timestamp":"2025-08-10T14:43:13.001Z"}
{"environment":"development","level":"info","message":"Starting e-commerce server...","nodeEnv":"development","port":"5000","timestamp":"2025-08-10T14:43:13.858Z"}
{"attempt":1,"category":"database","level":"info","message":"Database: Attempting MongoDB connection","nodeEnv":"development","timestamp":"2025-08-10T14:43:13.862Z","uri":"mongodb+srv://***:***@cluster0.okaxqe0.mongodb.net/?retryWrites=true&w=majority&appName=Cluster0"}
{"attempt":1,"category":"database","database":"test","host":"ac-ncx6bix-shard-00-00.okaxqe0.mongodb.net","level":"info","message":"Database: MongoDB connected successfully","nodeEnv":"development","timestamp":"2025-08-10T14:43:16.284Z"}
{"environment":"development","level":"info","message":"🚀 Server running in development mode on port 5000","nodeEnv":"development","port":"5000","timestamp":"2025-08-10T14:43:16.289Z"}
{"environment":"development","level":"info","message":"CORS: Using origins from environment","nodeEnv":"development","origins":["http://localhost:3000","https://your-production-url.com"],"timestamp":"2025-08-10T14:44:02.914Z"}
{"environment":"development","level":"info","message":"Starting e-commerce server...","nodeEnv":"development","port":"5000","timestamp":"2025-08-10T14:44:03.656Z"}
{"attempt":1,"category":"database","level":"info","message":"Database: Attempting MongoDB connection","nodeEnv":"development","timestamp":"2025-08-10T14:44:03.659Z","uri":"mongodb+srv://***:***@cluster0.okaxqe0.mongodb.net/?retryWrites=true&w=majority&appName=Cluster0"}
{"attempt":1,"category":"database","database":"test","host":"ac-ncx6bix-shard-00-02.okaxqe0.mongodb.net","level":"info","message":"Database: MongoDB connected successfully","nodeEnv":"development","timestamp":"2025-08-10T14:44:06.125Z"}
{"environment":"development","level":"info","message":"🚀 Server running in development mode on port 5000","nodeEnv":"development","port":"5000","timestamp":"2025-08-10T14:44:06.134Z"}
{"environment":"development","level":"info","message":"CORS: Using origins from environment","nodeEnv":"development","origins":["http://localhost:3000","https://your-production-url.com"],"timestamp":"2025-08-10T14:44:18.112Z"}
{"environment":"development","level":"info","message":"Starting e-commerce server...","nodeEnv":"development","port":"5000","timestamp":"2025-08-10T14:44:18.990Z"}
{"attempt":1,"category":"database","level":"info","message":"Database: Attempting MongoDB connection","nodeEnv":"development","timestamp":"2025-08-10T14:44:18.995Z","uri":"mongodb+srv://***:***@cluster0.okaxqe0.mongodb.net/?retryWrites=true&w=majority&appName=Cluster0"}
{"attempt":1,"category":"database","database":"test","host":"ac-ncx6bix-shard-00-02.okaxqe0.mongodb.net","level":"info","message":"Database: MongoDB connected successfully","nodeEnv":"development","timestamp":"2025-08-10T14:44:21.409Z"}
{"environment":"development","level":"info","message":"🚀 Server running in development mode on port 5000","nodeEnv":"development","port":"5000","timestamp":"2025-08-10T14:44:21.418Z"}
{"environment":"development","level":"info","message":"CORS: Using origins from environment","nodeEnv":"development","origins":["http://localhost:3000","https://your-production-url.com"],"timestamp":"2025-08-10T14:46:35.926Z"}
{"environment":"development","level":"info","message":"Starting e-commerce server...","nodeEnv":"development","port":"5000","timestamp":"2025-08-10T14:46:36.758Z"}
{"attempt":1,"category":"database","level":"info","message":"Database: Attempting MongoDB connection","nodeEnv":"development","timestamp":"2025-08-10T14:46:36.760Z","uri":"mongodb+srv://***:***@cluster0.okaxqe0.mongodb.net/?retryWrites=true&w=majority&appName=Cluster0"}
{"attempt":1,"category":"database","database":"test","host":"ac-ncx6bix-shard-00-01.okaxqe0.mongodb.net","level":"info","message":"Database: MongoDB connected successfully","nodeEnv":"development","timestamp":"2025-08-10T14:46:39.211Z"}
{"environment":"development","level":"info","message":"🚀 Server running in development mode on port 5000","nodeEnv":"development","port":"5000","timestamp":"2025-08-10T14:46:39.220Z"}
{"environment":"development","level":"info","message":"CORS: Using origins from environment","nodeEnv":"development","origins":["http://localhost:3000","https://your-production-url.com"],"timestamp":"2025-08-10T15:02:37.345Z"}
{"environment":"development","level":"info","message":"Starting e-commerce server...","nodeEnv":"development","port":"5000","timestamp":"2025-08-10T15:02:38.130Z"}
{"attempt":1,"category":"database","level":"info","message":"Database: Attempting MongoDB connection","nodeEnv":"development","timestamp":"2025-08-10T15:02:38.132Z","uri":"mongodb+srv://***:***@cluster0.okaxqe0.mongodb.net/?retryWrites=true&w=majority&appName=Cluster0"}
{"attempt":1,"category":"database","database":"test","host":"ac-ncx6bix-shard-00-01.okaxqe0.mongodb.net","level":"info","message":"Database: MongoDB connected successfully","nodeEnv":"development","timestamp":"2025-08-10T15:02:40.610Z"}
{"environment":"development","level":"info","message":"🚀 Server running in development mode on port 5000","nodeEnv":"development","port":"5000","timestamp":"2025-08-10T15:02:40.614Z"}
{"environment":"development","level":"info","message":"CORS: Using origins from environment","nodeEnv":"development","origins":["http://localhost:3000","https://your-production-url.com"],"timestamp":"2025-08-10T15:02:55.652Z"}
{"environment":"development","level":"info","message":"Starting e-commerce server...","nodeEnv":"development","port":"5000","timestamp":"2025-08-10T15:02:56.361Z"}
{"attempt":1,"category":"database","level":"info","message":"Database: Attempting MongoDB connection","nodeEnv":"development","timestamp":"2025-08-10T15:02:56.364Z","uri":"mongodb+srv://***:***@cluster0.okaxqe0.mongodb.net/?retryWrites=true&w=majority&appName=Cluster0"}
{"attempt":1,"category":"database","database":"test","host":"ac-ncx6bix-shard-00-02.okaxqe0.mongodb.net","level":"info","message":"Database: MongoDB connected successfully","nodeEnv":"development","timestamp":"2025-08-10T15:02:58.767Z"}
{"environment":"development","level":"info","message":"🚀 Server running in development mode on port 5000","nodeEnv":"development","port":"5000","timestamp":"2025-08-10T15:02:58.772Z"}
{"environment":"development","level":"info","message":"CORS: Using origins from environment","nodeEnv":"development","origins":["http://localhost:3000","https://your-production-url.com"],"timestamp":"2025-08-10T15:04:35.315Z"}
{"environment":"development","level":"info","message":"Starting e-commerce server...","nodeEnv":"development","port":"5000","timestamp":"2025-08-10T15:04:36.159Z"}
{"attempt":1,"category":"database","level":"info","message":"Database: Attempting MongoDB connection","nodeEnv":"development","timestamp":"2025-08-10T15:04:36.161Z","uri":"mongodb+srv://***:***@cluster0.okaxqe0.mongodb.net/?retryWrites=true&w=majority&appName=Cluster0"}
{"attempt":1,"category":"database","database":"test","host":"ac-ncx6bix-shard-00-00.okaxqe0.mongodb.net","level":"info","message":"Database: MongoDB connected successfully","nodeEnv":"development","timestamp":"2025-08-10T15:04:38.600Z"}
{"environment":"development","level":"info","message":"🚀 Server running in development mode on port 5000","nodeEnv":"development","port":"5000","timestamp":"2025-08-10T15:04:38.620Z"}
{"environment":"development","level":"info","message":"CORS: Using origins from environment","nodeEnv":"development","origins":["http://localhost:3000","https://your-production-url.com"],"timestamp":"2025-08-10T15:07:49.464Z"}
{"environment":"development","level":"info","message":"Starting e-commerce server...","nodeEnv":"development","port":"5000","timestamp":"2025-08-10T15:07:50.622Z"}
{"attempt":1,"category":"database","level":"info","message":"Database: Attempting MongoDB connection","nodeEnv":"development","timestamp":"2025-08-10T15:07:50.624Z","uri":"mongodb+srv://***:***@cluster0.okaxqe0.mongodb.net/?retryWrites=true&w=majority&appName=Cluster0"}
{"attempt":1,"category":"database","database":"test","host":"ac-ncx6bix-shard-00-02.okaxqe0.mongodb.net","level":"info","message":"Database: MongoDB connected successfully","nodeEnv":"development","timestamp":"2025-08-10T15:07:53.187Z"}
{"environment":"development","level":"info","message":"🚀 Server running in development mode on port 5000","nodeEnv":"development","port":"5000","timestamp":"2025-08-10T15:07:53.191Z"}
{"environment":"development","level":"info","message":"CORS: Using origins from environment","nodeEnv":"development","origins":["http://localhost:3000","https://your-production-url.com"],"timestamp":"2025-08-10T15:09:08.816Z"}
{"environment":"development","level":"info","message":"Starting e-commerce server...","nodeEnv":"development","port":"5000","timestamp":"2025-08-10T15:09:09.680Z"}
{"attempt":1,"category":"database","level":"info","message":"Database: Attempting MongoDB connection","nodeEnv":"development","timestamp":"2025-08-10T15:09:09.686Z","uri":"mongodb+srv://***:***@cluster0.okaxqe0.mongodb.net/?retryWrites=true&w=majority&appName=Cluster0"}
{"attempt":1,"category":"database","database":"test","host":"ac-ncx6bix-shard-00-01.okaxqe0.mongodb.net","level":"info","message":"Database: MongoDB connected successfully","nodeEnv":"development","timestamp":"2025-08-10T15:09:12.241Z"}
{"environment":"development","level":"info","message":"🚀 Server running in development mode on port 5000","nodeEnv":"development","port":"5000","timestamp":"2025-08-10T15:09:12.245Z"}
{"environment":"development","level":"info","message":"CORS: Using origins from environment","nodeEnv":"development","origins":["http://localhost:3000","https://your-production-url.com"],"timestamp":"2025-08-10T15:13:18.521Z"}
{"environment":"development","level":"info","message":"Starting e-commerce server...","nodeEnv":"development","port":"5000","timestamp":"2025-08-10T15:13:19.364Z"}
{"attempt":1,"category":"database","level":"info","message":"Database: Attempting MongoDB connection","nodeEnv":"development","timestamp":"2025-08-10T15:13:19.366Z","uri":"mongodb+srv://***:***@cluster0.okaxqe0.mongodb.net/?retryWrites=true&w=majority&appName=Cluster0"}
{"attempt":1,"category":"database","database":"test","host":"ac-ncx6bix-shard-00-01.okaxqe0.mongodb.net","level":"info","message":"Database: MongoDB connected successfully","nodeEnv":"development","timestamp":"2025-08-10T15:13:21.825Z"}
{"environment":"development","level":"info","message":"🚀 Server running in development mode on port 5000","nodeEnv":"development","port":"5000","timestamp":"2025-08-10T15:13:21.830Z"}
{"environment":"development","level":"info","message":"CORS: Using origins from environment","nodeEnv":"development","origins":["http://localhost:3000","https://your-production-url.com"],"timestamp":"2025-08-10T15:22:14.526Z"}
{"environment":"development","level":"info","message":"Starting e-commerce server...","nodeEnv":"development","port":"5000","timestamp":"2025-08-10T15:22:15.332Z"}
{"attempt":1,"category":"database","level":"info","message":"Database: Attempting MongoDB connection","nodeEnv":"development","timestamp":"2025-08-10T15:22:15.334Z","uri":"mongodb+srv://***:***@cluster0.okaxqe0.mongodb.net/?retryWrites=true&w=majority&appName=Cluster0"}
{"attempt":1,"category":"database","database":"test","host":"ac-ncx6bix-shard-00-01.okaxqe0.mongodb.net","level":"info","message":"Database: MongoDB connected successfully","nodeEnv":"development","timestamp":"2025-08-10T15:22:17.778Z"}
{"environment":"development","level":"info","message":"🚀 Server running in development mode on port 5000","nodeEnv":"development","port":"5000","timestamp":"2025-08-10T15:22:17.782Z"}
{"environment":"development","level":"info","message":"CORS: Using origins from environment","nodeEnv":"development","origins":["http://localhost:3000","https://your-production-url.com"],"timestamp":"2025-08-10T15:23:20.761Z"}
{"environment":"development","level":"info","message":"Starting e-commerce server...","nodeEnv":"development","port":"5000","timestamp":"2025-08-10T15:23:22.037Z"}
{"attempt":1,"category":"database","level":"info","message":"Database: Attempting MongoDB connection","nodeEnv":"development","timestamp":"2025-08-10T15:23:22.059Z","uri":"mongodb+srv://***:***@cluster0.okaxqe0.mongodb.net/?retryWrites=true&w=majority&appName=Cluster0"}
{"environment":"development","level":"info","message":"CORS: Using origins from environment","nodeEnv":"development","origins":["http://localhost:3000","https://your-production-url.com"],"timestamp":"2025-08-10T15:23:23.927Z"}
{"environment":"development","level":"info","message":"Starting e-commerce server...","nodeEnv":"development","port":"5000","timestamp":"2025-08-10T15:23:24.805Z"}
{"attempt":1,"category":"database","level":"info","message":"Database: Attempting MongoDB connection","nodeEnv":"development","timestamp":"2025-08-10T15:23:24.808Z","uri":"mongodb+srv://***:***@cluster0.okaxqe0.mongodb.net/?retryWrites=true&w=majority&appName=Cluster0"}
{"attempt":1,"category":"database","database":"test","host":"ac-ncx6bix-shard-00-00.okaxqe0.mongodb.net","level":"info","message":"Database: MongoDB connected successfully","nodeEnv":"development","timestamp":"2025-08-10T15:23:25.380Z"}
{"environment":"development","level":"info","message":"🚀 Server running in development mode on port 5000","nodeEnv":"development","port":"5000","timestamp":"2025-08-10T15:23:25.384Z"}
{"environment":"development","level":"info","message":"CORS: Using origins from environment","nodeEnv":"development","origins":["http://localhost:3000","https://your-production-url.com"],"timestamp":"2025-08-10T15:25:17.801Z"}
{"environment":"development","level":"info","message":"Starting e-commerce server...","nodeEnv":"development","port":"5000","timestamp":"2025-08-10T15:25:18.791Z"}
{"attempt":1,"category":"database","level":"info","message":"Database: Attempting MongoDB connection","nodeEnv":"development","timestamp":"2025-08-10T15:25:18.793Z","uri":"mongodb+srv://***:***@cluster0.okaxqe0.mongodb.net/?retryWrites=true&w=majority&appName=Cluster0"}
